ERROR - 2023-09-20 10:10:06 --> Error connecting to the database: mysqli_sql_exception: No such file or directory in /var/www/html/system/Database/MySQLi/Connection.php:184
Stack trace:
#0 /var/www/html/system/Database/MySQLi/Connection.php(184): mysqli->real_connect('localhost', '', Object(SensitiveParameterValue), '', 3306, '', 0)
#1 /var/www/html/system/Database/BaseConnection.php(391): CodeIgniter\Database\MySQLi\Connection->connect(false)
#2 /var/www/html/system/Database/BaseConnection.php(574): CodeIgniter\Database\BaseConnection->initialize()
#3 /var/www/html/system/Database/BaseConnection.php(1409): CodeIgniter\Database\BaseConnection->query('SHOW TABLES FRO...')
#4 /var/www/html/system/Database/BaseConnection.php(1428): CodeIgniter\Database\BaseConnection->listTables()
#5 /var/www/html/system/Database/MigrationRunner.php(768): CodeIgniter\Database\BaseConnection->tableExists('migrations')
#6 /var/www/html/system/Database/MigrationRunner.php(168): CodeIgniter\Database\MigrationRunner->ensureTable()
#7 /var/www/html/system/Commands/Database/Migrate.php(84): CodeIgniter\Database\MigrationRunner->latest(NULL)
#8 /var/www/html/system/CLI/Commands.php(65): CodeIgniter\Commands\Database\Migrate->run(Array)
#9 /var/www/html/system/CLI/Console.php(37): CodeIgniter\CLI\Commands->run('migrate', Array)
#10 /var/www/html/spark(102): CodeIgniter\CLI\Console->run()
#11 {main}

Next CodeIgniter\Database\Exceptions\DatabaseException: No such file or directory in /var/www/html/system/Database/MySQLi/Connection.php:229
Stack trace:
#0 /var/www/html/system/Database/BaseConnection.php(391): CodeIgniter\Database\MySQLi\Connection->connect(false)
#1 /var/www/html/system/Database/BaseConnection.php(574): CodeIgniter\Database\BaseConnection->initialize()
#2 /var/www/html/system/Database/BaseConnection.php(1409): CodeIgniter\Database\BaseConnection->query('SHOW TABLES FRO...')
#3 /var/www/html/system/Database/BaseConnection.php(1428): CodeIgniter\Database\BaseConnection->listTables()
#4 /var/www/html/system/Database/MigrationRunner.php(768): CodeIgniter\Database\BaseConnection->tableExists('migrations')
#5 /var/www/html/system/Database/MigrationRunner.php(168): CodeIgniter\Database\MigrationRunner->ensureTable()
#6 /var/www/html/system/Commands/Database/Migrate.php(84): CodeIgniter\Database\MigrationRunner->latest(NULL)
#7 /var/www/html/system/CLI/Commands.php(65): CodeIgniter\Commands\Database\Migrate->run(Array)
#8 /var/www/html/system/CLI/Console.php(37): CodeIgniter\CLI\Commands->run('migrate', Array)
#9 /var/www/html/spark(102): CodeIgniter\CLI\Console->run()
#10 {main}
ERROR - 2023-09-20 10:19:10 --> Error connecting to the database: mysqli_sql_exception: No such file or directory in /var/www/html/system/Database/MySQLi/Connection.php:184
Stack trace:
#0 /var/www/html/system/Database/MySQLi/Connection.php(184): mysqli->real_connect('localhost', '', Object(SensitiveParameterValue), '', 3306, '', 0)
#1 /var/www/html/system/Database/BaseConnection.php(391): CodeIgniter\Database\MySQLi\Connection->connect(false)
#2 /var/www/html/system/Database/BaseConnection.php(574): CodeIgniter\Database\BaseConnection->initialize()
#3 /var/www/html/system/Database/BaseConnection.php(1409): CodeIgniter\Database\BaseConnection->query('SHOW TABLES FRO...')
#4 /var/www/html/system/Database/BaseConnection.php(1428): CodeIgniter\Database\BaseConnection->listTables()
#5 /var/www/html/system/Database/MigrationRunner.php(768): CodeIgniter\Database\BaseConnection->tableExists('migrations')
#6 /var/www/html/system/Database/MigrationRunner.php(168): CodeIgniter\Database\MigrationRunner->ensureTable()
#7 /var/www/html/system/Commands/Database/Migrate.php(84): CodeIgniter\Database\MigrationRunner->latest(NULL)
#8 /var/www/html/system/CLI/Commands.php(65): CodeIgniter\Commands\Database\Migrate->run(Array)
#9 /var/www/html/system/CLI/Console.php(37): CodeIgniter\CLI\Commands->run('migrate', Array)
#10 /var/www/html/spark(102): CodeIgniter\CLI\Console->run()
#11 {main}

Next CodeIgniter\Database\Exceptions\DatabaseException: No such file or directory in /var/www/html/system/Database/MySQLi/Connection.php:229
Stack trace:
#0 /var/www/html/system/Database/BaseConnection.php(391): CodeIgniter\Database\MySQLi\Connection->connect(false)
#1 /var/www/html/system/Database/BaseConnection.php(574): CodeIgniter\Database\BaseConnection->initialize()
#2 /var/www/html/system/Database/BaseConnection.php(1409): CodeIgniter\Database\BaseConnection->query('SHOW TABLES FRO...')
#3 /var/www/html/system/Database/BaseConnection.php(1428): CodeIgniter\Database\BaseConnection->listTables()
#4 /var/www/html/system/Database/MigrationRunner.php(768): CodeIgniter\Database\BaseConnection->tableExists('migrations')
#5 /var/www/html/system/Database/MigrationRunner.php(168): CodeIgniter\Database\MigrationRunner->ensureTable()
#6 /var/www/html/system/Commands/Database/Migrate.php(84): CodeIgniter\Database\MigrationRunner->latest(NULL)
#7 /var/www/html/system/CLI/Commands.php(65): CodeIgniter\Commands\Database\Migrate->run(Array)
#8 /var/www/html/system/CLI/Console.php(37): CodeIgniter\CLI\Commands->run('migrate', Array)
#9 /var/www/html/spark(102): CodeIgniter\CLI\Console->run()
#10 {main}
ERROR - 2023-09-20 10:19:57 --> Error connecting to the database: mysqli_sql_exception: No such file or directory in /var/www/html/system/Database/MySQLi/Connection.php:184
Stack trace:
#0 /var/www/html/system/Database/MySQLi/Connection.php(184): mysqli->real_connect('localhost', '', Object(SensitiveParameterValue), '', 3306, '', 0)
#1 /var/www/html/system/Database/BaseConnection.php(391): CodeIgniter\Database\MySQLi\Connection->connect(false)
#2 /var/www/html/system/Database/BaseConnection.php(574): CodeIgniter\Database\BaseConnection->initialize()
#3 /var/www/html/system/Database/BaseConnection.php(1409): CodeIgniter\Database\BaseConnection->query('SHOW TABLES FRO...')
#4 /var/www/html/system/Database/BaseConnection.php(1428): CodeIgniter\Database\BaseConnection->listTables()
#5 /var/www/html/system/Database/MigrationRunner.php(768): CodeIgniter\Database\BaseConnection->tableExists('migrations')
#6 /var/www/html/system/Database/MigrationRunner.php(168): CodeIgniter\Database\MigrationRunner->ensureTable()
#7 /var/www/html/system/Commands/Database/Migrate.php(84): CodeIgniter\Database\MigrationRunner->latest(NULL)
#8 /var/www/html/system/CLI/Commands.php(65): CodeIgniter\Commands\Database\Migrate->run(Array)
#9 /var/www/html/system/CLI/Console.php(37): CodeIgniter\CLI\Commands->run('migrate', Array)
#10 /var/www/html/spark(102): CodeIgniter\CLI\Console->run()
#11 {main}

Next CodeIgniter\Database\Exceptions\DatabaseException: No such file or directory in /var/www/html/system/Database/MySQLi/Connection.php:229
Stack trace:
#0 /var/www/html/system/Database/BaseConnection.php(391): CodeIgniter\Database\MySQLi\Connection->connect(false)
#1 /var/www/html/system/Database/BaseConnection.php(574): CodeIgniter\Database\BaseConnection->initialize()
#2 /var/www/html/system/Database/BaseConnection.php(1409): CodeIgniter\Database\BaseConnection->query('SHOW TABLES FRO...')
#3 /var/www/html/system/Database/BaseConnection.php(1428): CodeIgniter\Database\BaseConnection->listTables()
#4 /var/www/html/system/Database/MigrationRunner.php(768): CodeIgniter\Database\BaseConnection->tableExists('migrations')
#5 /var/www/html/system/Database/MigrationRunner.php(168): CodeIgniter\Database\MigrationRunner->ensureTable()
#6 /var/www/html/system/Commands/Database/Migrate.php(84): CodeIgniter\Database\MigrationRunner->latest(NULL)
#7 /var/www/html/system/CLI/Commands.php(65): CodeIgniter\Commands\Database\Migrate->run(Array)
#8 /var/www/html/system/CLI/Console.php(37): CodeIgniter\CLI\Commands->run('migrate', Array)
#9 /var/www/html/spark(102): CodeIgniter\CLI\Console->run()
#10 {main}
ERROR - 2023-09-20 10:21:45 --> Error connecting to the database: mysqli_sql_exception: No such file or directory in /var/www/html/system/Database/MySQLi/Connection.php:184
Stack trace:
#0 /var/www/html/system/Database/MySQLi/Connection.php(184): mysqli->real_connect('localhost', '', Object(SensitiveParameterValue), '', 3306, '', 0)
#1 /var/www/html/system/Database/BaseConnection.php(391): CodeIgniter\Database\MySQLi\Connection->connect(false)
#2 /var/www/html/system/Database/BaseConnection.php(574): CodeIgniter\Database\BaseConnection->initialize()
#3 /var/www/html/system/Database/BaseConnection.php(1409): CodeIgniter\Database\BaseConnection->query('SHOW TABLES FRO...')
#4 /var/www/html/system/Database/BaseConnection.php(1428): CodeIgniter\Database\BaseConnection->listTables()
#5 /var/www/html/system/Database/MigrationRunner.php(768): CodeIgniter\Database\BaseConnection->tableExists('migrations')
#6 /var/www/html/system/Database/MigrationRunner.php(168): CodeIgniter\Database\MigrationRunner->ensureTable()
#7 /var/www/html/system/Commands/Database/Migrate.php(84): CodeIgniter\Database\MigrationRunner->latest(NULL)
#8 /var/www/html/system/CLI/Commands.php(65): CodeIgniter\Commands\Database\Migrate->run(Array)
#9 /var/www/html/system/CLI/Console.php(37): CodeIgniter\CLI\Commands->run('migrate', Array)
#10 /var/www/html/spark(102): CodeIgniter\CLI\Console->run()
#11 {main}

Next CodeIgniter\Database\Exceptions\DatabaseException: No such file or directory in /var/www/html/system/Database/MySQLi/Connection.php:229
Stack trace:
#0 /var/www/html/system/Database/BaseConnection.php(391): CodeIgniter\Database\MySQLi\Connection->connect(false)
#1 /var/www/html/system/Database/BaseConnection.php(574): CodeIgniter\Database\BaseConnection->initialize()
#2 /var/www/html/system/Database/BaseConnection.php(1409): CodeIgniter\Database\BaseConnection->query('SHOW TABLES FRO...')
#3 /var/www/html/system/Database/BaseConnection.php(1428): CodeIgniter\Database\BaseConnection->listTables()
#4 /var/www/html/system/Database/MigrationRunner.php(768): CodeIgniter\Database\BaseConnection->tableExists('migrations')
#5 /var/www/html/system/Database/MigrationRunner.php(168): CodeIgniter\Database\MigrationRunner->ensureTable()
#6 /var/www/html/system/Commands/Database/Migrate.php(84): CodeIgniter\Database\MigrationRunner->latest(NULL)
#7 /var/www/html/system/CLI/Commands.php(65): CodeIgniter\Commands\Database\Migrate->run(Array)
#8 /var/www/html/system/CLI/Console.php(37): CodeIgniter\CLI\Commands->run('migrate', Array)
#9 /var/www/html/spark(102): CodeIgniter\CLI\Console->run()
#10 {main}
ERROR - 2023-09-20 11:04:13 --> Error connecting to the database: mysqli_sql_exception: Access denied for user 'ounch'@'%' to database 'host.docker.internal' in /var/www/html/system/Database/MySQLi/Connection.php:184
Stack trace:
#0 /var/www/html/system/Database/MySQLi/Connection.php(184): mysqli->real_connect('host.docker.int...', 'ounch', Object(SensitiveParameterValue), 'host.docker.int...', 3306, '', 0)
#1 /var/www/html/system/Database/BaseConnection.php(391): CodeIgniter\Database\MySQLi\Connection->connect(false)
#2 /var/www/html/system/Database/BaseConnection.php(574): CodeIgniter\Database\BaseConnection->initialize()
#3 /var/www/html/system/Database/BaseConnection.php(1409): CodeIgniter\Database\BaseConnection->query('SHOW TABLES FRO...')
#4 /var/www/html/system/Database/BaseConnection.php(1428): CodeIgniter\Database\BaseConnection->listTables()
#5 /var/www/html/system/Database/MigrationRunner.php(768): CodeIgniter\Database\BaseConnection->tableExists('migrations')
#6 /var/www/html/system/Database/MigrationRunner.php(168): CodeIgniter\Database\MigrationRunner->ensureTable()
#7 /var/www/html/system/Commands/Database/Migrate.php(84): CodeIgniter\Database\MigrationRunner->latest(NULL)
#8 /var/www/html/system/CLI/Commands.php(65): CodeIgniter\Commands\Database\Migrate->run(Array)
#9 /var/www/html/system/CLI/Console.php(37): CodeIgniter\CLI\Commands->run('migrate', Array)
#10 /var/www/html/spark(102): CodeIgniter\CLI\Console->run()
#11 {main}

Next CodeIgniter\Database\Exceptions\DatabaseException: Access denied for user '****'@'%' to database 'host.docker.internal' in /var/www/html/system/Database/MySQLi/Connection.php:229
Stack trace:
#0 /var/www/html/system/Database/BaseConnection.php(391): CodeIgniter\Database\MySQLi\Connection->connect(false)
#1 /var/www/html/system/Database/BaseConnection.php(574): CodeIgniter\Database\BaseConnection->initialize()
#2 /var/www/html/system/Database/BaseConnection.php(1409): CodeIgniter\Database\BaseConnection->query('SHOW TABLES FRO...')
#3 /var/www/html/system/Database/BaseConnection.php(1428): CodeIgniter\Database\BaseConnection->listTables()
#4 /var/www/html/system/Database/MigrationRunner.php(768): CodeIgniter\Database\BaseConnection->tableExists('migrations')
#5 /var/www/html/system/Database/MigrationRunner.php(168): CodeIgniter\Database\MigrationRunner->ensureTable()
#6 /var/www/html/system/Commands/Database/Migrate.php(84): CodeIgniter\Database\MigrationRunner->latest(NULL)
#7 /var/www/html/system/CLI/Commands.php(65): CodeIgniter\Commands\Database\Migrate->run(Array)
#8 /var/www/html/system/CLI/Console.php(37): CodeIgniter\CLI\Commands->run('migrate', Array)
#9 /var/www/html/spark(102): CodeIgniter\CLI\Console->run()
#10 {main}
ERROR - 2023-09-20 11:13:27 --> Error connecting to the database: mysqli_sql_exception: No such file or directory in /var/www/html/system/Database/MySQLi/Connection.php:184
Stack trace:
#0 /var/www/html/system/Database/MySQLi/Connection.php(184): mysqli->real_connect('localhost', 'root', Object(SensitiveParameterValue), 'localhost', 3306, '', 0)
#1 /var/www/html/system/Database/BaseConnection.php(391): CodeIgniter\Database\MySQLi\Connection->connect(false)
#2 /var/www/html/system/Database/BaseConnection.php(574): CodeIgniter\Database\BaseConnection->initialize()
#3 /var/www/html/system/Database/BaseConnection.php(1409): CodeIgniter\Database\BaseConnection->query('SHOW TABLES FRO...')
#4 /var/www/html/system/Database/BaseConnection.php(1428): CodeIgniter\Database\BaseConnection->listTables()
#5 /var/www/html/system/Database/MigrationRunner.php(768): CodeIgniter\Database\BaseConnection->tableExists('migrations')
#6 /var/www/html/system/Database/MigrationRunner.php(168): CodeIgniter\Database\MigrationRunner->ensureTable()
#7 /var/www/html/system/Commands/Database/Migrate.php(84): CodeIgniter\Database\MigrationRunner->latest(NULL)
#8 /var/www/html/system/CLI/Commands.php(65): CodeIgniter\Commands\Database\Migrate->run(Array)
#9 /var/www/html/system/CLI/Console.php(37): CodeIgniter\CLI\Commands->run('migrate', Array)
#10 /var/www/html/spark(102): CodeIgniter\CLI\Console->run()
#11 {main}

Next CodeIgniter\Database\Exceptions\DatabaseException: No such file or directory in /var/www/html/system/Database/MySQLi/Connection.php:229
Stack trace:
#0 /var/www/html/system/Database/BaseConnection.php(391): CodeIgniter\Database\MySQLi\Connection->connect(false)
#1 /var/www/html/system/Database/BaseConnection.php(574): CodeIgniter\Database\BaseConnection->initialize()
#2 /var/www/html/system/Database/BaseConnection.php(1409): CodeIgniter\Database\BaseConnection->query('SHOW TABLES FRO...')
#3 /var/www/html/system/Database/BaseConnection.php(1428): CodeIgniter\Database\BaseConnection->listTables()
#4 /var/www/html/system/Database/MigrationRunner.php(768): CodeIgniter\Database\BaseConnection->tableExists('migrations')
#5 /var/www/html/system/Database/MigrationRunner.php(168): CodeIgniter\Database\MigrationRunner->ensureTable()
#6 /var/www/html/system/Commands/Database/Migrate.php(84): CodeIgniter\Database\MigrationRunner->latest(NULL)
#7 /var/www/html/system/CLI/Commands.php(65): CodeIgniter\Commands\Database\Migrate->run(Array)
#8 /var/www/html/system/CLI/Console.php(37): CodeIgniter\CLI\Commands->run('migrate', Array)
#9 /var/www/html/spark(102): CodeIgniter\CLI\Console->run()
#10 {main}
ERROR - 2023-09-20 11:14:57 --> Error connecting to the database: mysqli_sql_exception: No such file or directory in /var/www/html/system/Database/MySQLi/Connection.php:184
Stack trace:
#0 /var/www/html/system/Database/MySQLi/Connection.php(184): mysqli->real_connect('localhost', 'root', Object(SensitiveParameterValue), 'localhost', 3306, '', 0)
#1 /var/www/html/system/Database/BaseConnection.php(391): CodeIgniter\Database\MySQLi\Connection->connect(false)
#2 /var/www/html/system/Database/BaseConnection.php(574): CodeIgniter\Database\BaseConnection->initialize()
#3 /var/www/html/system/Database/BaseConnection.php(1409): CodeIgniter\Database\BaseConnection->query('SHOW TABLES FRO...')
#4 /var/www/html/system/Database/BaseConnection.php(1428): CodeIgniter\Database\BaseConnection->listTables()
#5 /var/www/html/system/Database/MigrationRunner.php(768): CodeIgniter\Database\BaseConnection->tableExists('migrations')
#6 /var/www/html/system/Database/MigrationRunner.php(168): CodeIgniter\Database\MigrationRunner->ensureTable()
#7 /var/www/html/system/Commands/Database/Migrate.php(84): CodeIgniter\Database\MigrationRunner->latest(NULL)
#8 /var/www/html/system/CLI/Commands.php(65): CodeIgniter\Commands\Database\Migrate->run(Array)
#9 /var/www/html/system/CLI/Console.php(37): CodeIgniter\CLI\Commands->run('migrate', Array)
#10 /var/www/html/spark(102): CodeIgniter\CLI\Console->run()
#11 {main}

Next CodeIgniter\Database\Exceptions\DatabaseException: No such file or directory in /var/www/html/system/Database/MySQLi/Connection.php:229
Stack trace:
#0 /var/www/html/system/Database/BaseConnection.php(391): CodeIgniter\Database\MySQLi\Connection->connect(false)
#1 /var/www/html/system/Database/BaseConnection.php(574): CodeIgniter\Database\BaseConnection->initialize()
#2 /var/www/html/system/Database/BaseConnection.php(1409): CodeIgniter\Database\BaseConnection->query('SHOW TABLES FRO...')
#3 /var/www/html/system/Database/BaseConnection.php(1428): CodeIgniter\Database\BaseConnection->listTables()
#4 /var/www/html/system/Database/MigrationRunner.php(768): CodeIgniter\Database\BaseConnection->tableExists('migrations')
#5 /var/www/html/system/Database/MigrationRunner.php(168): CodeIgniter\Database\MigrationRunner->ensureTable()
#6 /var/www/html/system/Commands/Database/Migrate.php(84): CodeIgniter\Database\MigrationRunner->latest(NULL)
#7 /var/www/html/system/CLI/Commands.php(65): CodeIgniter\Commands\Database\Migrate->run(Array)
#8 /var/www/html/system/CLI/Console.php(37): CodeIgniter\CLI\Commands->run('migrate', Array)
#9 /var/www/html/spark(102): CodeIgniter\CLI\Console->run()
#10 {main}
ERROR - 2023-09-20 11:16:56 --> Error connecting to the database: mysqli_sql_exception: Unknown database 'host.docker.internal' in /var/www/html/system/Database/MySQLi/Connection.php:184
Stack trace:
#0 /var/www/html/system/Database/MySQLi/Connection.php(184): mysqli->real_connect('host.docker.int...', 'root', Object(SensitiveParameterValue), 'host.docker.int...', 3306, '', 0)
#1 /var/www/html/system/Database/BaseConnection.php(391): CodeIgniter\Database\MySQLi\Connection->connect(false)
#2 /var/www/html/system/Database/BaseConnection.php(574): CodeIgniter\Database\BaseConnection->initialize()
#3 /var/www/html/system/Database/BaseConnection.php(1409): CodeIgniter\Database\BaseConnection->query('SHOW TABLES FRO...')
#4 /var/www/html/system/Database/BaseConnection.php(1428): CodeIgniter\Database\BaseConnection->listTables()
#5 /var/www/html/system/Database/MigrationRunner.php(768): CodeIgniter\Database\BaseConnection->tableExists('migrations')
#6 /var/www/html/system/Database/MigrationRunner.php(168): CodeIgniter\Database\MigrationRunner->ensureTable()
#7 /var/www/html/system/Commands/Database/Migrate.php(84): CodeIgniter\Database\MigrationRunner->latest(NULL)
#8 /var/www/html/system/CLI/Commands.php(65): CodeIgniter\Commands\Database\Migrate->run(Array)
#9 /var/www/html/system/CLI/Console.php(37): CodeIgniter\CLI\Commands->run('migrate', Array)
#10 /var/www/html/spark(102): CodeIgniter\CLI\Console->run()
#11 {main}

Next CodeIgniter\Database\Exceptions\DatabaseException: Unknown database 'host.docker.internal' in /var/www/html/system/Database/MySQLi/Connection.php:229
Stack trace:
#0 /var/www/html/system/Database/BaseConnection.php(391): CodeIgniter\Database\MySQLi\Connection->connect(false)
#1 /var/www/html/system/Database/BaseConnection.php(574): CodeIgniter\Database\BaseConnection->initialize()
#2 /var/www/html/system/Database/BaseConnection.php(1409): CodeIgniter\Database\BaseConnection->query('SHOW TABLES FRO...')
#3 /var/www/html/system/Database/BaseConnection.php(1428): CodeIgniter\Database\BaseConnection->listTables()
#4 /var/www/html/system/Database/MigrationRunner.php(768): CodeIgniter\Database\BaseConnection->tableExists('migrations')
#5 /var/www/html/system/Database/MigrationRunner.php(168): CodeIgniter\Database\MigrationRunner->ensureTable()
#6 /var/www/html/system/Commands/Database/Migrate.php(84): CodeIgniter\Database\MigrationRunner->latest(NULL)
#7 /var/www/html/system/CLI/Commands.php(65): CodeIgniter\Commands\Database\Migrate->run(Array)
#8 /var/www/html/system/CLI/Console.php(37): CodeIgniter\CLI\Commands->run('migrate', Array)
#9 /var/www/html/spark(102): CodeIgniter\CLI\Console->run()
#10 {main}
ERROR - 2023-09-20 12:01:24 --> Error connecting to the database: mysqli_sql_exception: Unknown database 'host.docker.internal' in /var/www/html/system/Database/MySQLi/Connection.php:184
Stack trace:
#0 /var/www/html/system/Database/MySQLi/Connection.php(184): mysqli->real_connect('host.docker.int...', 'root', Object(SensitiveParameterValue), 'host.docker.int...', 3306, '', 0)
#1 /var/www/html/system/Database/BaseConnection.php(391): CodeIgniter\Database\MySQLi\Connection->connect(false)
#2 /var/www/html/system/Database/BaseConnection.php(574): CodeIgniter\Database\BaseConnection->initialize()
#3 /var/www/html/system/Database/BaseConnection.php(1409): CodeIgniter\Database\BaseConnection->query('SHOW TABLES FRO...')
#4 /var/www/html/system/Database/BaseConnection.php(1428): CodeIgniter\Database\BaseConnection->listTables()
#5 /var/www/html/system/Database/MigrationRunner.php(768): CodeIgniter\Database\BaseConnection->tableExists('migrations')
#6 /var/www/html/system/Database/MigrationRunner.php(168): CodeIgniter\Database\MigrationRunner->ensureTable()
#7 /var/www/html/system/Commands/Database/Migrate.php(84): CodeIgniter\Database\MigrationRunner->latest(NULL)
#8 /var/www/html/system/CLI/Commands.php(65): CodeIgniter\Commands\Database\Migrate->run(Array)
#9 /var/www/html/system/CLI/Console.php(37): CodeIgniter\CLI\Commands->run('migrate', Array)
#10 /var/www/html/spark(102): CodeIgniter\CLI\Console->run()
#11 {main}

Next CodeIgniter\Database\Exceptions\DatabaseException: Unknown database 'host.docker.internal' in /var/www/html/system/Database/MySQLi/Connection.php:229
Stack trace:
#0 /var/www/html/system/Database/BaseConnection.php(391): CodeIgniter\Database\MySQLi\Connection->connect(false)
#1 /var/www/html/system/Database/BaseConnection.php(574): CodeIgniter\Database\BaseConnection->initialize()
#2 /var/www/html/system/Database/BaseConnection.php(1409): CodeIgniter\Database\BaseConnection->query('SHOW TABLES FRO...')
#3 /var/www/html/system/Database/BaseConnection.php(1428): CodeIgniter\Database\BaseConnection->listTables()
#4 /var/www/html/system/Database/MigrationRunner.php(768): CodeIgniter\Database\BaseConnection->tableExists('migrations')
#5 /var/www/html/system/Database/MigrationRunner.php(168): CodeIgniter\Database\MigrationRunner->ensureTable()
#6 /var/www/html/system/Commands/Database/Migrate.php(84): CodeIgniter\Database\MigrationRunner->latest(NULL)
#7 /var/www/html/system/CLI/Commands.php(65): CodeIgniter\Commands\Database\Migrate->run(Array)
#8 /var/www/html/system/CLI/Console.php(37): CodeIgniter\CLI\Commands->run('migrate', Array)
#9 /var/www/html/spark(102): CodeIgniter\CLI\Console->run()
#10 {main}
ERROR - 2023-09-20 12:08:25 --> Error connecting to the database: mysqli_sql_exception: No such file or directory in /var/www/html/system/Database/MySQLi/Connection.php:184
Stack trace:
#0 /var/www/html/system/Database/MySQLi/Connection.php(184): mysqli->real_connect('localhost', '', Object(SensitiveParameterValue), '', 3306, '', 0)
#1 /var/www/html/system/Database/BaseConnection.php(391): CodeIgniter\Database\MySQLi\Connection->connect(false)
#2 /var/www/html/system/Database/BaseConnection.php(574): CodeIgniter\Database\BaseConnection->initialize()
#3 /var/www/html/system/Database/BaseConnection.php(1409): CodeIgniter\Database\BaseConnection->query('SHOW TABLES FRO...')
#4 /var/www/html/system/Database/BaseConnection.php(1428): CodeIgniter\Database\BaseConnection->listTables()
#5 /var/www/html/system/Database/MigrationRunner.php(768): CodeIgniter\Database\BaseConnection->tableExists('migrations')
#6 /var/www/html/system/Database/MigrationRunner.php(168): CodeIgniter\Database\MigrationRunner->ensureTable()
#7 /var/www/html/system/Commands/Database/Migrate.php(84): CodeIgniter\Database\MigrationRunner->latest(NULL)
#8 /var/www/html/system/CLI/Commands.php(65): CodeIgniter\Commands\Database\Migrate->run(Array)
#9 /var/www/html/system/CLI/Console.php(37): CodeIgniter\CLI\Commands->run('migrate', Array)
#10 /var/www/html/spark(102): CodeIgniter\CLI\Console->run()
#11 {main}

Next CodeIgniter\Database\Exceptions\DatabaseException: No such file or directory in /var/www/html/system/Database/MySQLi/Connection.php:229
Stack trace:
#0 /var/www/html/system/Database/BaseConnection.php(391): CodeIgniter\Database\MySQLi\Connection->connect(false)
#1 /var/www/html/system/Database/BaseConnection.php(574): CodeIgniter\Database\BaseConnection->initialize()
#2 /var/www/html/system/Database/BaseConnection.php(1409): CodeIgniter\Database\BaseConnection->query('SHOW TABLES FRO...')
#3 /var/www/html/system/Database/BaseConnection.php(1428): CodeIgniter\Database\BaseConnection->listTables()
#4 /var/www/html/system/Database/MigrationRunner.php(768): CodeIgniter\Database\BaseConnection->tableExists('migrations')
#5 /var/www/html/system/Database/MigrationRunner.php(168): CodeIgniter\Database\MigrationRunner->ensureTable()
#6 /var/www/html/system/Commands/Database/Migrate.php(84): CodeIgniter\Database\MigrationRunner->latest(NULL)
#7 /var/www/html/system/CLI/Commands.php(65): CodeIgniter\Commands\Database\Migrate->run(Array)
#8 /var/www/html/system/CLI/Console.php(37): CodeIgniter\CLI\Commands->run('migrate', Array)
#9 /var/www/html/spark(102): CodeIgniter\CLI\Console->run()
#10 {main}
