2023/09/20 10:08:50 [notice] 1#1: using the "epoll" event method
2023/09/20 10:08:50 [notice] 1#1: nginx/1.25.2
2023/09/20 10:08:50 [notice] 1#1: built by gcc 12.2.0 (Debian 12.2.0-14) 
2023/09/20 10:08:50 [notice] 1#1: OS: Linux 5.15.49-linuxkit-pr
2023/09/20 10:08:50 [notice] 1#1: getrlimit(RLIMIT_NOFILE): 1048576:1048576
2023/09/20 10:08:50 [notice] 1#1: start worker processes
2023/09/20 10:08:50 [notice] 1#1: start worker process 28
2023/09/20 10:08:50 [notice] 1#1: start worker process 29
2023/09/20 10:09:46 [notice] 1#1: signal 3 (SIGQUIT) received, shutting down
2023/09/20 10:09:46 [notice] 28#28: gracefully shutting down
2023/09/20 10:09:46 [notice] 28#28: exiting
2023/09/20 10:09:46 [notice] 29#29: gracefully shutting down
2023/09/20 10:09:46 [notice] 28#28: exit
2023/09/20 10:09:46 [notice] 29#29: exiting
2023/09/20 10:09:46 [notice] 29#29: exit
2023/09/20 10:09:46 [notice] 1#1: signal 17 (SIGCHLD) received from 28
2023/09/20 10:09:46 [notice] 1#1: worker process 28 exited with code 0
2023/09/20 10:09:46 [notice] 1#1: signal 29 (SIGIO) received
2023/09/20 10:09:46 [notice] 1#1: signal 17 (SIGCHLD) received from 29
2023/09/20 10:09:46 [notice] 1#1: worker process 29 exited with code 0
2023/09/20 10:09:46 [notice] 1#1: exit
2023/09/20 10:09:49 [notice] 1#1: using the "epoll" event method
2023/09/20 10:09:49 [notice] 1#1: nginx/1.25.2
2023/09/20 10:09:49 [notice] 1#1: built by gcc 12.2.0 (Debian 12.2.0-14) 
2023/09/20 10:09:49 [notice] 1#1: OS: Linux 5.15.49-linuxkit-pr
2023/09/20 10:09:49 [notice] 1#1: getrlimit(RLIMIT_NOFILE): 1048576:1048576
2023/09/20 10:09:49 [notice] 1#1: start worker processes
2023/09/20 10:09:49 [notice] 1#1: start worker process 28
2023/09/20 10:09:49 [notice] 1#1: start worker process 29
2023/09/20 10:10:15 [error] 28#28: *1 FastCGI sent in stderr: "Access to the script '/var/www/html/public/favicon.ico' has been denied (see security.limit_extensions)" while reading response header from upstream, client: 172.28.0.1, server: localhost, request: "GET /favicon.ico HTTP/1.1", upstream: "fastcgi://172.28.0.2:9000", host: "localhost:8080", referrer: "http://localhost:8080/"
2023/09/20 10:17:15 [notice] 1#1: signal 3 (SIGQUIT) received, shutting down
2023/09/20 10:17:15 [notice] 28#28: gracefully shutting down
2023/09/20 10:17:15 [notice] 29#29: gracefully shutting down
2023/09/20 10:17:15 [notice] 28#28: exiting
2023/09/20 10:17:15 [notice] 28#28: exit
2023/09/20 10:17:15 [notice] 29#29: exiting
2023/09/20 10:17:15 [notice] 29#29: exit
2023/09/20 10:17:15 [notice] 1#1: signal 17 (SIGCHLD) received from 28
2023/09/20 10:17:15 [notice] 1#1: worker process 28 exited with code 0
2023/09/20 10:17:15 [notice] 1#1: signal 29 (SIGIO) received
2023/09/20 10:17:15 [notice] 1#1: signal 17 (SIGCHLD) received from 29
2023/09/20 10:17:15 [notice] 1#1: worker process 29 exited with code 0
2023/09/20 10:17:15 [notice] 1#1: exit
2023/09/20 10:17:16 [notice] 1#1: using the "epoll" event method
2023/09/20 10:17:16 [notice] 1#1: nginx/1.25.2
2023/09/20 10:17:16 [notice] 1#1: built by gcc 12.2.0 (Debian 12.2.0-14) 
2023/09/20 10:17:16 [notice] 1#1: OS: Linux 5.15.49-linuxkit-pr
2023/09/20 10:17:16 [notice] 1#1: getrlimit(RLIMIT_NOFILE): 1048576:1048576
2023/09/20 10:17:16 [notice] 1#1: start worker processes
2023/09/20 10:17:16 [notice] 1#1: start worker process 28
2023/09/20 10:17:16 [notice] 1#1: start worker process 29
2023/09/20 10:19:27 [notice] 1#1: signal 3 (SIGQUIT) received, shutting down
2023/09/20 10:19:27 [notice] 28#28: gracefully shutting down
2023/09/20 10:19:27 [notice] 29#29: gracefully shutting down
2023/09/20 10:19:27 [notice] 28#28: exiting
2023/09/20 10:19:27 [notice] 28#28: exit
2023/09/20 10:19:27 [notice] 29#29: exiting
2023/09/20 10:19:27 [notice] 29#29: exit
2023/09/20 10:19:27 [notice] 1#1: signal 17 (SIGCHLD) received from 28
2023/09/20 10:19:27 [notice] 1#1: worker process 28 exited with code 0
2023/09/20 10:19:27 [notice] 1#1: signal 29 (SIGIO) received
2023/09/20 10:19:27 [notice] 1#1: signal 17 (SIGCHLD) received from 29
2023/09/20 10:19:27 [notice] 1#1: worker process 29 exited with code 0
2023/09/20 10:19:27 [notice] 1#1: exit
2023/09/20 10:19:49 [notice] 1#1: using the "epoll" event method
2023/09/20 10:19:49 [notice] 1#1: nginx/1.25.2
2023/09/20 10:19:49 [notice] 1#1: built by gcc 12.2.0 (Debian 12.2.0-14) 
2023/09/20 10:19:49 [notice] 1#1: OS: Linux 5.15.49-linuxkit-pr
2023/09/20 10:19:49 [notice] 1#1: getrlimit(RLIMIT_NOFILE): 1048576:1048576
2023/09/20 10:19:49 [notice] 1#1: start worker processes
2023/09/20 10:19:49 [notice] 1#1: start worker process 28
2023/09/20 10:19:49 [notice] 1#1: start worker process 29
2023/09/20 10:20:06 [error] 28#28: *1 FastCGI sent in stderr: "Access to the script '/var/www/html/public/favicon.ico' has been denied (see security.limit_extensions)" while reading response header from upstream, client: 172.29.0.1, server: localhost, request: "GET /favicon.ico HTTP/1.1", upstream: "fastcgi://172.29.0.2:9000", host: "localhost:8080", referrer: "http://localhost:8080/"
2023/09/20 10:20:07 [error] 28#28: *1 FastCGI sent in stderr: "Access to the script '/var/www/html/public/favicon.ico' has been denied (see security.limit_extensions)" while reading response header from upstream, client: 172.29.0.1, server: localhost, request: "GET /favicon.ico HTTP/1.1", upstream: "fastcgi://172.29.0.2:9000", host: "localhost:8080", referrer: "http://localhost:8080/"
2023/09/20 10:20:55 [notice] 1#1: signal 3 (SIGQUIT) received, shutting down
2023/09/20 10:20:55 [notice] 29#29: gracefully shutting down
2023/09/20 10:20:55 [notice] 29#29: exiting
2023/09/20 10:20:55 [notice] 28#28: gracefully shutting down
2023/09/20 10:20:55 [notice] 28#28: exiting
2023/09/20 10:20:55 [notice] 29#29: exit
2023/09/20 10:20:55 [notice] 28#28: exit
2023/09/20 10:20:55 [notice] 1#1: signal 17 (SIGCHLD) received from 28
2023/09/20 10:20:55 [notice] 1#1: worker process 28 exited with code 0
2023/09/20 10:20:55 [notice] 1#1: signal 29 (SIGIO) received
2023/09/20 10:20:55 [notice] 1#1: signal 17 (SIGCHLD) received from 29
2023/09/20 10:20:55 [notice] 1#1: worker process 29 exited with code 0
2023/09/20 10:20:55 [notice] 1#1: exit
2023/09/20 10:21:05 [notice] 1#1: using the "epoll" event method
2023/09/20 10:21:05 [notice] 1#1: nginx/1.25.2
2023/09/20 10:21:05 [notice] 1#1: built by gcc 12.2.0 (Debian 12.2.0-14) 
2023/09/20 10:21:05 [notice] 1#1: OS: Linux 5.15.49-linuxkit-pr
2023/09/20 10:21:05 [notice] 1#1: getrlimit(RLIMIT_NOFILE): 1048576:1048576
2023/09/20 10:21:05 [notice] 1#1: start worker processes
2023/09/20 10:21:05 [notice] 1#1: start worker process 29
2023/09/20 10:21:05 [notice] 1#1: start worker process 30
2023/09/20 11:03:51 [notice] 1#1: signal 3 (SIGQUIT) received, shutting down
2023/09/20 11:03:52 [notice] 29#29: gracefully shutting down
2023/09/20 11:03:52 [notice] 29#29: exiting
2023/09/20 11:03:52 [notice] 30#30: gracefully shutting down
2023/09/20 11:03:52 [notice] 29#29: exit
2023/09/20 11:03:52 [notice] 30#30: exiting
2023/09/20 11:03:52 [notice] 30#30: exit
2023/09/20 11:03:52 [notice] 1#1: signal 17 (SIGCHLD) received from 30
2023/09/20 11:03:52 [notice] 1#1: worker process 30 exited with code 0
2023/09/20 11:03:52 [notice] 1#1: signal 29 (SIGIO) received
2023/09/20 11:03:52 [notice] 1#1: signal 17 (SIGCHLD) received from 29
2023/09/20 11:03:52 [notice] 1#1: worker process 29 exited with code 0
2023/09/20 11:03:52 [notice] 1#1: exit
2023/09/20 11:03:52 [notice] 1#1: using the "epoll" event method
2023/09/20 11:03:52 [notice] 1#1: nginx/1.25.2
2023/09/20 11:03:52 [notice] 1#1: built by gcc 12.2.0 (Debian 12.2.0-14) 
2023/09/20 11:03:52 [notice] 1#1: OS: Linux 5.15.49-linuxkit-pr
2023/09/20 11:03:52 [notice] 1#1: getrlimit(RLIMIT_NOFILE): 1048576:1048576
2023/09/20 11:03:52 [notice] 1#1: start worker processes
2023/09/20 11:03:52 [notice] 1#1: start worker process 28
2023/09/20 11:03:52 [notice] 1#1: start worker process 29
2023/09/20 11:04:40 [notice] 1#1: signal 3 (SIGQUIT) received, shutting down
2023/09/20 11:04:40 [notice] 28#28: gracefully shutting down
2023/09/20 11:04:40 [notice] 28#28: exiting
2023/09/20 11:04:40 [notice] 29#29: gracefully shutting down
2023/09/20 11:04:40 [notice] 28#28: exit
2023/09/20 11:04:40 [notice] 29#29: exiting
2023/09/20 11:04:40 [notice] 29#29: exit
2023/09/20 11:04:40 [notice] 1#1: signal 17 (SIGCHLD) received from 28
2023/09/20 11:04:40 [notice] 1#1: worker process 28 exited with code 0
2023/09/20 11:04:40 [notice] 1#1: signal 29 (SIGIO) received
2023/09/20 11:04:40 [notice] 1#1: signal 17 (SIGCHLD) received from 29
2023/09/20 11:04:40 [notice] 1#1: worker process 29 exited with code 0
2023/09/20 11:04:40 [notice] 1#1: exit
2023/09/20 11:13:21 [notice] 1#1: using the "epoll" event method
2023/09/20 11:13:21 [notice] 1#1: nginx/1.25.2
2023/09/20 11:13:21 [notice] 1#1: built by gcc 12.2.0 (Debian 12.2.0-14) 
2023/09/20 11:13:21 [notice] 1#1: OS: Linux 5.15.49-linuxkit-pr
2023/09/20 11:13:21 [notice] 1#1: getrlimit(RLIMIT_NOFILE): 1048576:1048576
2023/09/20 11:13:21 [notice] 1#1: start worker processes
2023/09/20 11:13:21 [notice] 1#1: start worker process 28
2023/09/20 11:13:21 [notice] 1#1: start worker process 29
2023/09/20 11:13:39 [notice] 1#1: signal 3 (SIGQUIT) received, shutting down
2023/09/20 11:13:39 [notice] 28#28: gracefully shutting down
2023/09/20 11:13:39 [notice] 28#28: exiting
2023/09/20 11:13:39 [notice] 29#29: gracefully shutting down
2023/09/20 11:13:39 [notice] 28#28: exit
2023/09/20 11:13:39 [notice] 29#29: exiting
2023/09/20 11:13:39 [notice] 29#29: exit
2023/09/20 11:13:39 [notice] 1#1: signal 17 (SIGCHLD) received from 28
2023/09/20 11:13:39 [notice] 1#1: worker process 28 exited with code 0
2023/09/20 11:13:39 [notice] 1#1: signal 29 (SIGIO) received
2023/09/20 11:13:39 [notice] 1#1: signal 17 (SIGCHLD) received from 29
2023/09/20 11:13:39 [notice] 1#1: worker process 29 exited with code 0
2023/09/20 11:13:39 [notice] 1#1: exit
2023/09/20 11:14:49 [notice] 1#1: using the "epoll" event method
2023/09/20 11:14:49 [notice] 1#1: nginx/1.25.2
2023/09/20 11:14:49 [notice] 1#1: built by gcc 12.2.0 (Debian 12.2.0-14) 
2023/09/20 11:14:49 [notice] 1#1: OS: Linux 5.15.49-linuxkit-pr
2023/09/20 11:14:49 [notice] 1#1: getrlimit(RLIMIT_NOFILE): 1048576:1048576
2023/09/20 11:14:49 [notice] 1#1: start worker processes
2023/09/20 11:14:49 [notice] 1#1: start worker process 28
2023/09/20 11:14:49 [notice] 1#1: start worker process 29
2023/09/20 11:16:02 [notice] 1#1: signal 3 (SIGQUIT) received, shutting down
2023/09/20 11:16:02 [notice] 28#28: gracefully shutting down
2023/09/20 11:16:02 [notice] 29#29: gracefully shutting down
2023/09/20 11:16:02 [notice] 28#28: exiting
2023/09/20 11:16:02 [notice] 28#28: exit
2023/09/20 11:16:02 [notice] 29#29: exiting
2023/09/20 11:16:02 [notice] 29#29: exit
2023/09/20 11:16:02 [notice] 1#1: signal 17 (SIGCHLD) received from 29
2023/09/20 11:16:02 [notice] 1#1: worker process 28 exited with code 0
2023/09/20 11:16:02 [notice] 1#1: worker process 29 exited with code 0
2023/09/20 11:16:02 [notice] 1#1: exit
2023/09/20 11:16:50 [notice] 1#1: using the "epoll" event method
2023/09/20 11:16:50 [notice] 1#1: nginx/1.25.2
2023/09/20 11:16:50 [notice] 1#1: built by gcc 12.2.0 (Debian 12.2.0-14) 
2023/09/20 11:16:50 [notice] 1#1: OS: Linux 5.15.49-linuxkit-pr
2023/09/20 11:16:50 [notice] 1#1: getrlimit(RLIMIT_NOFILE): 1048576:1048576
2023/09/20 11:16:50 [notice] 1#1: start worker processes
2023/09/20 11:16:50 [notice] 1#1: start worker process 28
2023/09/20 11:16:50 [notice] 1#1: start worker process 29
2023/09/20 11:20:50 [notice] 1#1: signal 3 (SIGQUIT) received, shutting down
2023/09/20 11:20:50 [notice] 28#28: gracefully shutting down
2023/09/20 11:20:50 [notice] 28#28: exiting
2023/09/20 11:20:50 [notice] 29#29: gracefully shutting down
2023/09/20 11:20:50 [notice] 28#28: exit
2023/09/20 11:20:50 [notice] 29#29: exiting
2023/09/20 11:20:50 [notice] 29#29: exit
2023/09/20 11:20:50 [notice] 1#1: signal 17 (SIGCHLD) received from 28
2023/09/20 11:20:50 [notice] 1#1: worker process 28 exited with code 0
2023/09/20 11:20:50 [notice] 1#1: signal 29 (SIGIO) received
2023/09/20 11:20:50 [notice] 1#1: signal 17 (SIGCHLD) received from 29
2023/09/20 11:20:50 [notice] 1#1: worker process 29 exited with code 0
2023/09/20 11:20:50 [notice] 1#1: exit
2023/09/20 11:48:09 [emerg] 1#1: host not found in upstream "app" in /etc/nginx/conf.d/default.conf:11
2023/09/20 11:48:33 [emerg] 1#1: host not found in upstream "app" in /etc/nginx/conf.d/default.conf:11
2023/09/20 11:53:34 [emerg] 1#1: host not found in upstream "app" in /etc/nginx/conf.d/default.conf:11
2023/09/20 11:54:23 [emerg] 1#1: host not found in upstream "app" in /etc/nginx/conf.d/default.conf:11
2023/09/20 11:58:32 [emerg] 1#1: host not found in upstream "app" in /etc/nginx/conf.d/default.conf:24
2023/09/20 11:58:55 [emerg] 1#1: host not found in upstream "app" in /etc/nginx/conf.d/default.conf:24
2023/09/20 11:59:27 [notice] 1#1: using the "epoll" event method
2023/09/20 11:59:27 [notice] 1#1: nginx/1.25.2
2023/09/20 11:59:27 [notice] 1#1: built by gcc 12.2.0 (Debian 12.2.0-14) 
2023/09/20 11:59:27 [notice] 1#1: OS: Linux 5.15.49-linuxkit-pr
2023/09/20 11:59:27 [notice] 1#1: getrlimit(RLIMIT_NOFILE): 1048576:1048576
2023/09/20 11:59:27 [notice] 1#1: start worker processes
2023/09/20 11:59:27 [notice] 1#1: start worker process 28
2023/09/20 11:59:27 [notice] 1#1: start worker process 29
2023/09/20 12:08:18 [notice] 1#1: signal 3 (SIGQUIT) received, shutting down
2023/09/20 12:08:18 [notice] 29#29: gracefully shutting down
2023/09/20 12:08:18 [notice] 29#29: exiting
2023/09/20 12:08:18 [notice] 28#28: gracefully shutting down
2023/09/20 12:08:18 [notice] 29#29: exit
2023/09/20 12:08:18 [notice] 28#28: exiting
2023/09/20 12:08:18 [notice] 28#28: exit
2023/09/20 12:08:18 [notice] 1#1: signal 17 (SIGCHLD) received from 29
2023/09/20 12:08:18 [notice] 1#1: worker process 29 exited with code 0
2023/09/20 12:08:18 [notice] 1#1: signal 29 (SIGIO) received
2023/09/20 12:08:18 [notice] 1#1: signal 17 (SIGCHLD) received from 28
2023/09/20 12:08:18 [notice] 1#1: worker process 28 exited with code 0
2023/09/20 12:08:18 [notice] 1#1: exit
2023/09/20 12:08:20 [notice] 1#1: using the "epoll" event method
2023/09/20 12:08:20 [notice] 1#1: nginx/1.25.2
2023/09/20 12:08:20 [notice] 1#1: built by gcc 12.2.0 (Debian 12.2.0-14) 
2023/09/20 12:08:20 [notice] 1#1: OS: Linux 5.15.49-linuxkit-pr
2023/09/20 12:08:20 [notice] 1#1: getrlimit(RLIMIT_NOFILE): 1048576:1048576
2023/09/20 12:08:20 [notice] 1#1: start worker processes
2023/09/20 12:08:20 [notice] 1#1: start worker process 28
2023/09/20 12:08:20 [notice] 1#1: start worker process 29
2023/09/20 12:08:30 [error] 29#29: *3 FastCGI sent in stderr: "Access to the script '/var/www/html/public/favicon.ico' has been denied (see security.limit_extensions)" while reading response header from upstream, client: 192.168.80.1, server: localhost, request: "GET /favicon.ico HTTP/1.1", upstream: "fastcgi://192.168.80.2:9000", host: "localhost:8080", referrer: "http://localhost:8080/"
2023/09/20 12:09:35 [notice] 1#1: signal 3 (SIGQUIT) received, shutting down
2023/09/20 12:09:35 [notice] 28#28: gracefully shutting down
2023/09/20 12:09:35 [notice] 28#28: exiting
2023/09/20 12:09:35 [notice] 29#29: gracefully shutting down
2023/09/20 12:09:35 [notice] 28#28: exit
2023/09/20 12:09:35 [notice] 29#29: exiting
2023/09/20 12:09:35 [notice] 29#29: exit
2023/09/20 12:09:35 [notice] 1#1: signal 17 (SIGCHLD) received from 28
2023/09/20 12:09:35 [notice] 1#1: worker process 28 exited with code 0
2023/09/20 12:09:35 [notice] 1#1: signal 29 (SIGIO) received
2023/09/20 12:09:35 [notice] 1#1: signal 17 (SIGCHLD) received from 29
2023/09/20 12:09:35 [notice] 1#1: worker process 29 exited with code 0
2023/09/20 12:09:35 [notice] 1#1: exit
